<?xml version="1.0" encoding="UTF-8"?>
<testsuite xmlns:xsi="http://www.w3.org/2001/XMLSchema-instance" xsi:noNamespaceSchemaLocation="https://maven.apache.org/surefire/maven-surefire-plugin/xsd/surefire-test-report-3.0.xsd" version="3.0" name="runners.TestRunner" time="14.328" tests="5" errors="0" skipped="0" failures="0">
  <properties>
[...]
</properties>
  <testcase name="runScenario[&quot;Add first product to cart&quot;, &quot;Add product to cart&quot;](1)" classname="runners.TestRunner" time="3.076">
    <system-out><![CDATA[
Scenario: Add first product to cart                                                 # src/test/resources/features/cart_operations.feature:3
  Given user is logged in with username "standard_user" and password "secret_sauce" # stepdefinitions.CartSteps.login(java.lang.String,java.lang.String)
  When user adds the first product to the cart                                      # stepdefinitions.CartSteps.add_product()
  Then the cart icon should show 1 item                                             # stepdefinitions.CartSteps.verify_cart()
]]></system-out>
    <system-err><![CDATA[SLF4J(W): No SLF4J providers were found.
SLF4J(W): Defaulting to no-operation (NOP) logger implementation
SLF4J(W): See https://www.slf4j.org/codes.html#noProviders for further details.
Apr 20, 2025 3:02:06 PM org.openqa.selenium.devtools.CdpVersionFinder findNearestMatch
WARNING: Unable to find CDP implementation matching 135
Apr 20, 2025 3:02:06 PM org.openqa.selenium.chromium.ChromiumDriver lambda$new$5
WARNING: Unable to find version of CDP to use for 135.0.7049.96. You may need to include a dependency on a specific version of the CDP using something similar to `org.seleniumhq.selenium:selenium-devtools-v86:4.20.0` where the version ("v86") matches the version of the chromium-based browser you're using and the version number of the artifact is the same as Selenium's.
]]></system-err>
  </testcase>
  <testcase name="runScenario[&quot;Complete a purchase&quot;, &quot;Checkout process&quot;](2)" classname="runners.TestRunner" time="3.794">
    <system-out><![CDATA[
Scenario: Complete a purchase                                                               # src/test/resources/features/checkout.feature:3
  Given user logs in for checkout with username "standard_user" and password "secret_sauce" # stepdefinitions.CheckoutSteps.login(java.lang.String,java.lang.String)
  When user adds a product to cart                                                          # stepdefinitions.CheckoutSteps.addProduct()
  And proceeds to checkout and fills info                                                   # stepdefinitions.CheckoutSteps.proceedToCheckout()
  Then order should be placed successfully                                                  # stepdefinitions.CheckoutSteps.verifyOrder()
]]></system-out>
    <system-err><![CDATA[Apr 20, 2025 3:02:09 PM org.openqa.selenium.devtools.CdpVersionFinder findNearestMatch
WARNING: Unable to find CDP implementation matching 135
Apr 20, 2025 3:02:09 PM org.openqa.selenium.chromium.ChromiumDriver lambda$new$5
WARNING: Unable to find version of CDP to use for 135.0.7049.96. You may need to include a dependency on a specific version of the CDP using something similar to `org.seleniumhq.selenium:selenium-devtools-v86:4.20.0` where the version ("v86") matches the version of the chromium-based browser you're using and the version number of the artifact is the same as Selenium's.
]]></system-err>
  </testcase>
  <testcase name="runScenario[&quot;&quot;, &quot;Login functionality&quot;](3)" classname="runners.TestRunner" time="3.041">
    <system-out><![CDATA[
Scenario Outline:                                                       # src/test/resources/features/login.feature:12
  Given user is on the login page                                       # stepdefinitions.LoginSteps.user_on_login_page()
  When user enters username "standard_user" and password "secret_sauce" # stepdefinitions.LoginSteps.enter_credentials(java.lang.String,java.lang.String)
  And clicks on the login button                                        # stepdefinitions.LoginSteps.click_login()
  Then homepage should be displayed                                     # stepdefinitions.LoginSteps.verify_homepage()
]]></system-out>
    <system-err><![CDATA[Apr 20, 2025 3:02:13 PM org.openqa.selenium.devtools.CdpVersionFinder findNearestMatch
WARNING: Unable to find CDP implementation matching 135
Apr 20, 2025 3:02:13 PM org.openqa.selenium.chromium.ChromiumDriver lambda$new$5
WARNING: Unable to find version of CDP to use for 135.0.7049.96. You may need to include a dependency on a specific version of the CDP using something similar to `org.seleniumhq.selenium:selenium-devtools-v86:4.20.0` where the version ("v86") matches the version of the chromium-based browser you're using and the version number of the artifact is the same as Selenium's.
]]></system-err>
  </testcase>
  <testcase name="runScenario[&quot;&quot;, &quot;Login functionality&quot;](4)" classname="runners.TestRunner" time="1.31">
    <system-out><![CDATA[
Scenario Outline:                                                      # src/test/resources/features/login.feature:13
  Given user is on the login page                                      # stepdefinitions.LoginSteps.user_on_login_page()
  When user enters username "problem_user" and password "secret_sauce" # stepdefinitions.LoginSteps.enter_credentials(java.lang.String,java.lang.String)
  And clicks on the login button                                       # stepdefinitions.LoginSteps.click_login()
  Then homepage should be displayed                                    # stepdefinitions.LoginSteps.verify_homepage()
]]></system-out>
    <system-err><![CDATA[Apr 20, 2025 3:02:16 PM org.openqa.selenium.devtools.CdpVersionFinder findNearestMatch
WARNING: Unable to find CDP implementation matching 135
Apr 20, 2025 3:02:16 PM org.openqa.selenium.chromium.ChromiumDriver lambda$new$5
WARNING: Unable to find version of CDP to use for 135.0.7049.96. You may need to include a dependency on a specific version of the CDP using something similar to `org.seleniumhq.selenium:selenium-devtools-v86:4.20.0` where the version ("v86") matches the version of the chromium-based browser you're using and the version number of the artifact is the same as Selenium's.
]]></system-err>
  </testcase>
  <testcase name="runScenario[&quot;Filter products from low to high price&quot;, &quot;Product filtering&quot;](5)" classname="runners.TestRunner" time="2.388">
    <system-out><![CDATA[
Scenario: Filter products from low to high price                                                  # src/test/resources/features/product_filter.feature:3
  Given user logs in to filter products with username "standard_user" and password "secret_sauce" # stepdefinitions.ProductFilterSteps.login_user(java.lang.String,java.lang.String)
  When user sorts the products by "Price (low to high)"                                           # stepdefinitions.ProductFilterSteps.user_sorts_products(java.lang.String)
  Then the product list should be displayed in ascending order                                    # stepdefinitions.ProductFilterSteps.verify_sorted_products()
]]></system-out>
    <system-err><![CDATA[Apr 20, 2025 3:02:17 PM org.openqa.selenium.devtools.CdpVersionFinder findNearestMatch
WARNING: Unable to find CDP implementation matching 135
Apr 20, 2025 3:02:17 PM org.openqa.selenium.chromium.ChromiumDriver lambda$new$5
WARNING: Unable to find version of CDP to use for 135.0.7049.96. You may need to include a dependency on a specific version of the CDP using something similar to `org.seleniumhq.selenium:selenium-devtools-v86:4.20.0` where the version ("v86") matches the version of the chromium-based browser you're using and the version number of the artifact is the same as Selenium's.
]]></system-err>
  </testcase>
</testsuite>